c:\users\redfa\onedrive\projekter\pls - eksamensprojekt\pls - eksamensprojekt\debug\vc141.pdb
c:\users\redfa\onedrive\projekter\pls - eksamensprojekt\pls - eksamensprojekt\debug\vc141.idb
c:\users\redfa\onedrive\projekter\pls - eksamensprojekt\pls - eksamensprojekt\debug\main.obj
c:\users\redfa\onedrive\projekter\pls - eksamensprojekt\pls - eksamensprojekt\debug\sdlmain.obj
c:\users\redfa\onedrive\projekter\pls - eksamensprojekt\pls - eksamensprojekt\debug\balls.obj
c:\users\redfa\onedrive\projekter\pls - eksamensprojekt\pls - eksamensprojekt\debug\particle.obj
c:\users\redfa\onedrive\projekter\pls - eksamensprojekt\pls - eksamensprojekt\debug\utility.obj
c:\users\redfa\onedrive\projekter\pls - eksamensprojekt\pls - eksamensprojekt\debug\sound.obj
c:\users\redfa\onedrive\projekter\pls - eksamensprojekt\pls - eksamensprojekt\debug\imgui_widgets.obj
c:\users\redfa\onedrive\projekter\pls - eksamensprojekt\pls - eksamensprojekt\debug\imgui_sdl.obj
c:\users\redfa\onedrive\projekter\pls - eksamensprojekt\pls - eksamensprojekt\debug\imgui_draw.obj
c:\users\redfa\onedrive\projekter\pls - eksamensprojekt\pls - eksamensprojekt\debug\imgui_demo.obj
c:\users\redfa\onedrive\projekter\pls - eksamensprojekt\pls - eksamensprojekt\debug\imgui.obj
c:\users\redfa\onedrive\projekter\pls - eksamensprojekt\pls - eksamensprojekt\debug\imguiinit.obj
c:\users\redfa\onedrive\projekter\pls - eksamensprojekt\pls - eksamensprojekt\debug\mainwindow.obj
c:\users\redfa\onedrive\projekter\pls - eksamensprojekt\pls - eksamensprojekt\debug\engineoptions.obj
c:\users\redfa\onedrive\projekter\pls - eksamensprojekt\pls - eksamensprojekt\debug\home.obj
c:\users\redfa\onedrive\projekter\pls - eksamensprojekt\pls - eksamensprojekt\debug\engineopt.obj
c:\users\redfa\onedrive\projekter\pls - eksamensprojekt\pls - eksamensprojekt\debug\config.obj
c:\users\redfa\onedrive\projekter\pls - eksamensprojekt\pls - eksamensprojekt\debug\media.obj
c:\users\redfa\onedrive\projekter\pls - eksamensprojekt\debug\pls - eksamensprojekt.exe
c:\users\redfa\onedrive\projekter\pls - eksamensprojekt\debug\pls - eksamensprojekt.ilk
c:\users\redfa\onedrive\projekter\pls - eksamensprojekt\debug\pls - eksamensprojekt.pdb
c:\users\redfa\onedrive\projekter\pls - eksamensprojekt\pls - eksamensprojekt\debug\shapes.obj
c:\users\redfa\onedrive\projekter\pls - eksamensprojekt\pls - eksamensprojekt\debug\pls - ek.6a1dc6c0.tlog\cl.command.1.tlog
c:\users\redfa\onedrive\projekter\pls - eksamensprojekt\pls - eksamensprojekt\debug\pls - ek.6a1dc6c0.tlog\cl.read.1.tlog
c:\users\redfa\onedrive\projekter\pls - eksamensprojekt\pls - eksamensprojekt\debug\pls - ek.6a1dc6c0.tlog\cl.write.1.tlog
c:\users\redfa\onedrive\projekter\pls - eksamensprojekt\pls - eksamensprojekt\debug\pls - ek.6a1dc6c0.tlog\link.command.1.tlog
c:\users\redfa\onedrive\projekter\pls - eksamensprojekt\pls - eksamensprojekt\debug\pls - ek.6a1dc6c0.tlog\link.read.1.tlog
c:\users\redfa\onedrive\projekter\pls - eksamensprojekt\pls - eksamensprojekt\debug\pls - ek.6a1dc6c0.tlog\link.write.1.tlog
